Traceback (most recent call last):
  File "/Users/runner/hostedtoolcache/Python/3.8.12/x64/lib/python3.8/site-packages/jupyter_cache/executors/utils.py", line 51, in single_nb_execution
    executenb(
  File "/Users/runner/hostedtoolcache/Python/3.8.12/x64/lib/python3.8/site-packages/nbclient/client.py", line 1085, in execute
    return NotebookClient(nb=nb, resources=resources, km=km, **kwargs).execute()
  File "/Users/runner/hostedtoolcache/Python/3.8.12/x64/lib/python3.8/site-packages/nbclient/util.py", line 84, in wrapped
    return just_run(coro(*args, **kwargs))
  File "/Users/runner/hostedtoolcache/Python/3.8.12/x64/lib/python3.8/site-packages/nbclient/util.py", line 62, in just_run
    return loop.run_until_complete(coro)
  File "/Users/runner/hostedtoolcache/Python/3.8.12/x64/lib/python3.8/asyncio/base_events.py", line 616, in run_until_complete
    return future.result()
  File "/Users/runner/hostedtoolcache/Python/3.8.12/x64/lib/python3.8/site-packages/nbclient/client.py", line 551, in async_execute
    await self.async_execute_cell(
  File "/Users/runner/hostedtoolcache/Python/3.8.12/x64/lib/python3.8/site-packages/nbclient/client.py", line 846, in async_execute_cell
    self._check_raise_for_error(cell, exec_reply)
  File "/Users/runner/hostedtoolcache/Python/3.8.12/x64/lib/python3.8/site-packages/nbclient/client.py", line 748, in _check_raise_for_error
    raise CellExecutionError.from_cell_and_msg(cell, exec_reply_content)
nbclient.exceptions.CellExecutionError: An error occurred while executing the following cell:
------------------
df.sort_values(['id','gdp'], ascending=['True','False']).head()
------------------

[0;31m---------------------------------------------------------------------------[0m
[0;31mValueError[0m                                Traceback (most recent call last)
[0;32m/var/folders/24/8k48jl6d249_n_qfxwsl6xvm0000gn/T/ipykernel_3062/3690636127.py[0m in [0;36m<module>[0;34m[0m
[0;32m----> 1[0;31m [0mdf[0m[0;34m.[0m[0msort_values[0m[0;34m([0m[0;34m[[0m[0;34m'id'[0m[0;34m,[0m[0;34m'gdp'[0m[0;34m][0m[0;34m,[0m [0mascending[0m[0;34m=[0m[0;34m[[0m[0;34m'True'[0m[0;34m,[0m[0;34m'False'[0m[0;34m][0m[0;34m)[0m[0;34m.[0m[0mhead[0m[0;34m([0m[0;34m)[0m[0;34m[0m[0;34m[0m[0m
[0m
[0;32m~/hostedtoolcache/Python/3.8.12/x64/lib/python3.8/site-packages/pandas/util/_decorators.py[0m in [0;36mwrapper[0;34m(*args, **kwargs)[0m
[1;32m    309[0m                     [0mstacklevel[0m[0;34m=[0m[0mstacklevel[0m[0;34m,[0m[0;34m[0m[0;34m[0m[0m
[1;32m    310[0m                 )
[0;32m--> 311[0;31m             [0;32mreturn[0m [0mfunc[0m[0;34m([0m[0;34m*[0m[0margs[0m[0;34m,[0m [0;34m**[0m[0mkwargs[0m[0;34m)[0m[0;34m[0m[0;34m[0m[0m
[0m[1;32m    312[0m [0;34m[0m[0m
[1;32m    313[0m         [0;32mreturn[0m [0mwrapper[0m[0;34m[0m[0;34m[0m[0m

[0;32m~/hostedtoolcache/Python/3.8.12/x64/lib/python3.8/site-packages/pandas/core/frame.py[0m in [0;36msort_values[0;34m(self, by, axis, ascending, inplace, kind, na_position, ignore_index, key)[0m
[1;32m   6286[0m         [0minplace[0m [0;34m=[0m [0mvalidate_bool_kwarg[0m[0;34m([0m[0minplace[0m[0;34m,[0m [0;34m"inplace"[0m[0;34m)[0m[0;34m[0m[0;34m[0m[0m
[1;32m   6287[0m         [0maxis[0m [0;34m=[0m [0mself[0m[0;34m.[0m[0m_get_axis_number[0m[0;34m([0m[0maxis[0m[0;34m)[0m[0;34m[0m[0;34m[0m[0m
[0;32m-> 6288[0;31m         [0mascending[0m [0;34m=[0m [0mvalidate_ascending[0m[0;34m([0m[0mascending[0m[0;34m)[0m[0;34m[0m[0;34m[0m[0m
[0m[1;32m   6289[0m         [0;32mif[0m [0;32mnot[0m [0misinstance[0m[0;34m([0m[0mby[0m[0;34m,[0m [0mlist[0m[0;34m)[0m[0;34m:[0m[0;34m[0m[0;34m[0m[0m
[1;32m   6290[0m             [0mby[0m [0;34m=[0m [0;34m[[0m[0mby[0m[0;34m][0m[0;34m[0m[0;34m[0m[0m

[0;32m~/hostedtoolcache/Python/3.8.12/x64/lib/python3.8/site-packages/pandas/util/_validators.py[0m in [0;36mvalidate_ascending[0;34m(ascending)[0m
[1;32m    433[0m         [0;32mreturn[0m [0mvalidate_bool_kwarg[0m[0;34m([0m[0mascending[0m[0;34m,[0m [0;34m"ascending"[0m[0;34m,[0m [0;34m**[0m[0mkwargs[0m[0;34m)[0m[0;34m[0m[0;34m[0m[0m
[1;32m    434[0m [0;34m[0m[0m
[0;32m--> 435[0;31m     [0;32mreturn[0m [0;34m[[0m[0mvalidate_bool_kwarg[0m[0;34m([0m[0mitem[0m[0;34m,[0m [0;34m"ascending"[0m[0;34m,[0m [0;34m**[0m[0mkwargs[0m[0;34m)[0m [0;32mfor[0m [0mitem[0m [0;32min[0m [0mascending[0m[0;34m][0m[0;34m[0m[0;34m[0m[0m
[0m[1;32m    436[0m [0;34m[0m[0m
[1;32m    437[0m [0;34m[0m[0m

[0;32m~/hostedtoolcache/Python/3.8.12/x64/lib/python3.8/site-packages/pandas/util/_validators.py[0m in [0;36m<listcomp>[0;34m(.0)[0m
[1;32m    433[0m         [0;32mreturn[0m [0mvalidate_bool_kwarg[0m[0;34m([0m[0mascending[0m[0;34m,[0m [0;34m"ascending"[0m[0;34m,[0m [0;34m**[0m[0mkwargs[0m[0;34m)[0m[0;34m[0m[0;34m[0m[0m
[1;32m    434[0m [0;34m[0m[0m
[0;32m--> 435[0;31m     [0;32mreturn[0m [0;34m[[0m[0mvalidate_bool_kwarg[0m[0;34m([0m[0mitem[0m[0;34m,[0m [0;34m"ascending"[0m[0;34m,[0m [0;34m**[0m[0mkwargs[0m[0;34m)[0m [0;32mfor[0m [0mitem[0m [0;32min[0m [0mascending[0m[0;34m][0m[0;34m[0m[0;34m[0m[0m
[0m[1;32m    436[0m [0;34m[0m[0m
[1;32m    437[0m [0;34m[0m[0m

[0;32m~/hostedtoolcache/Python/3.8.12/x64/lib/python3.8/site-packages/pandas/util/_validators.py[0m in [0;36mvalidate_bool_kwarg[0;34m(value, arg_name, none_allowed, int_allowed)[0m
[1;32m    249[0m [0;34m[0m[0m
[1;32m    250[0m     [0;32mif[0m [0;32mnot[0m [0mgood_value[0m[0;34m:[0m[0;34m[0m[0;34m[0m[0m
[0;32m--> 251[0;31m         raise ValueError(
[0m[1;32m    252[0m             [0;34mf'For argument "{arg_name}" expected type bool, received '[0m[0;34m[0m[0;34m[0m[0m
[1;32m    253[0m             [0;34mf"type {type(value).__name__}."[0m[0;34m[0m[0;34m[0m[0m

[0;31mValueError[0m: For argument "ascending" expected type bool, received type str.
ValueError: For argument "ascending" expected type bool, received type str.

